2025-01-25T13:17:33+00:00 DEBUG POST: https://ads.tiktok.com/marketing_api/api/developer/app/create_auto_approve/

{"business_platform":"PROD","smb_id":"tt4b_woocommerce_6794e46d5ac80httplocalhostlaviedesplanteswp-admin","smb_name":"PROD","redirect_url":"http:\/\/localhost\/la_vie_des_plantes\/wp-admin\/"}
 ajax: no
2025-01-25T13:17:34+00:00 DEBUG Tt4b_Mapi_Class::create_open_source_app: Response: 

HTTP/1.1 200 OK
Content-Type: application/json
X-Tt-Logid: 202501251317398AEB3C8B25A4753CCA8C,202501251317398AEB3C8B25A4753CCA8C
Strict-Transport-Security: max-age=31536000; includeSubDomains
x-tt-trace-host: 0105cccfab4e99f9c64fd2b6faac982bf9c6594f3e777dc125e12820566af49039ebf1259ffb9cfde2ba61f633996cb6b1ba5cf5a853abb767134386a2190d6fd03f8874c12baa0f20e93bde8c6e1c2c026fcc1bddac9c1a6e3be2796cd6e8f494c00a047a90f6db12ed3d90f0fc824b4f8684cd6bc539a36c0e21a5ffabc72cbf
x-tt-trace-id: 00-2501251317398AEB3C8B25A4753CCA8C-1085EF777F9D2C81-00
Server: TLB
Content-Encoding: gzip
Content-Length: 212
X-Origin-Response-Time: 85,23.44.4.63
X-Akamai-Request-ID: 12c5af41.6d0783c.5c71e2d
X-Parent-Response-Time: 144,23.45.91.40
Date: Sat, 25 Jan 2025 13:17:41 GMT
X-Cache: TCP_MISS from a92-123-238-70.deploy.akamaitechnologies.com (AkamaiGHost/11.8.1-4626758e7fa58b73aefa05b51f5ad43e) (-)
Connection: close
Vary: Accept-Encoding
X-Cache-Remote: TCP_MISS from a23-45-91-40.deploy.akamaitechnologies.com (AkamaiGHost/11.8.1-4626758e7fa58b73aefa05b51f5ad43e) (-)
x-tt-trace-tag: id=16;cdn-cache=miss;type=dyn
Server-Timing: cdn-cache; desc=MISS, edge; dur=184, origin; dur=85
Server-Timing: inner; dur=81
X-Parent-Response-Time: 267,92.123.238.70

{"code":0,"msg":"ok","data":{"external_data_key":"b3dd1230-11aa-4191-b640-179139e3d018","app_id":"7463841672980332560","redirect_uri":"http:\/\/localhost\/la_vie_des_plantes\/wp-admin\/","app_secret":"706ecd8e6f0919a68f06c90607fc57cf74a08b49"}}

